2025-06-18 12:18:58,837 - INFO - Created new WebDriver instance
2025-06-18 12:18:58,839 - INFO - Starting background scraping thread...
2025-06-18 12:18:58,839 - INFO - Starting continuous scraping...
2025-06-18 12:18:58,839 - INFO - Starting Flask server on port 5003
2025-06-18 12:18:58,859 - INFO - [31m[1mWARNING: This is a development server. Do not use it in a production deployment. Use a production WSGI server instead.[0m
 * Running on all addresses (0.0.0.0)
 * Running on http://127.0.0.1:5003
 * Running on http://192.168.137.72:5003
2025-06-18 12:18:58,859 - INFO - [33mPress CTRL+C to quit[0m
2025-06-18 12:19:18,009 - ERROR - Error during scraping: ('Connection aborted.', ConnectionResetError(10054, 'An existing connection was forcibly closed by the remote host', None, 10054, None))
2025-06-18 12:19:22,181 - WARNING - Retrying (Retry(total=2, connect=None, read=None, redirect=None, status=None)) after connection broken by 'NewConnectionError('<urllib3.connection.HTTPConnection object at 0x00000219115EAAD0>: Failed to establish a new connection: [WinError 10061] No connection could be made because the target machine actively refused it')': /session/b9917895e9f10568fbf256ad43beb415/url
2025-06-18 12:19:26,267 - WARNING - Retrying (Retry(total=1, connect=None, read=None, redirect=None, status=None)) after connection broken by 'NewConnectionError('<urllib3.connection.HTTPConnection object at 0x00000219115EB4C0>: Failed to establish a new connection: [WinError 10061] No connection could be made because the target machine actively refused it')': /session/b9917895e9f10568fbf256ad43beb415/url
2025-06-18 12:19:30,357 - WARNING - Retrying (Retry(total=0, connect=None, read=None, redirect=None, status=None)) after connection broken by 'NewConnectionError('<urllib3.connection.HTTPConnection object at 0x00000219115EB610>: Failed to establish a new connection: [WinError 10061] No connection could be made because the target machine actively refused it')': /session/b9917895e9f10568fbf256ad43beb415/url
2025-06-18 12:19:38,513 - WARNING - Retrying (Retry(total=2, connect=None, read=None, redirect=None, status=None)) after connection broken by 'NewConnectionError('<urllib3.connection.HTTPConnection object at 0x00000219115E9150>: Failed to establish a new connection: [WinError 10061] No connection could be made because the target machine actively refused it')': /session/b9917895e9f10568fbf256ad43beb415
2025-06-18 12:19:42,593 - WARNING - Retrying (Retry(total=1, connect=None, read=None, redirect=None, status=None)) after connection broken by 'NewConnectionError('<urllib3.connection.HTTPConnection object at 0x00000219115E91E0>: Failed to establish a new connection: [WinError 10061] No connection could be made because the target machine actively refused it')': /session/b9917895e9f10568fbf256ad43beb415
2025-06-18 12:19:46,673 - WARNING - Retrying (Retry(total=0, connect=None, read=None, redirect=None, status=None)) after connection broken by 'NewConnectionError('<urllib3.connection.HTTPConnection object at 0x00000219115EB9D0>: Failed to establish a new connection: [WinError 10061] No connection could be made because the target machine actively refused it')': /session/b9917895e9f10568fbf256ad43beb415
2025-06-18 12:19:55,840 - WARNING - Scraping failed, retry 1/3
2025-06-18 12:20:35,860 - ERROR - No driver available in pool
2025-06-18 12:20:35,861 - WARNING - Scraping failed, retry 2/3
2025-06-18 12:21:15,879 - ERROR - No driver available in pool
2025-06-18 12:21:15,879 - WARNING - Scraping failed, retry 3/3
2025-06-18 12:21:25,892 - ERROR - Scraping failed after 3 retries. Consecutive failures: 1
2025-06-18 12:22:55,907 - ERROR - No driver available in pool
2025-06-18 12:22:55,907 - WARNING - Scraping failed, retry 1/3
2025-06-18 12:23:35,922 - ERROR - No driver available in pool
2025-06-18 12:23:35,922 - WARNING - Scraping failed, retry 2/3
2025-06-18 12:24:15,931 - ERROR - No driver available in pool
2025-06-18 12:24:15,931 - WARNING - Scraping failed, retry 3/3
2025-06-18 12:24:25,945 - ERROR - Scraping failed after 3 retries. Consecutive failures: 2
2025-06-18 12:25:27,472 - INFO - Resources - CPU: 3.2% | RAM: 93.1% | Chrome: 132 | SSE: 0
2025-06-18 12:25:27,568 - WARNING - High resource usage, sleeping for 5 minutes
2025-06-18 12:26:36,706 - INFO - Received signal 2, shutting down gracefully...
2025-06-18 12:26:36,708 - INFO - Performing cleanup on exit...
2025-06-18 12:26:36,710 - INFO - Cleaning up all drivers...
2025-06-18 12:26:36,774 - INFO - Killed Chrome process 1012
2025-06-18 12:26:36,797 - INFO - Killed Chrome process 1104
2025-06-18 12:26:36,882 - INFO - Killed Chrome process 1624
2025-06-18 12:26:36,957 - INFO - Killed Chrome process 1972
2025-06-18 12:26:36,985 - INFO - Killed Chrome process 2056
2025-06-18 12:26:36,987 - INFO - Killed Chrome process 2076
2025-06-18 12:26:37,034 - INFO - Killed Chrome process 2356
2025-06-18 12:26:37,209 - INFO - Killed Chrome process 3884
2025-06-18 12:26:37,217 - INFO - Killed Chrome process 4076
2025-06-18 12:26:37,224 - INFO - Killed Chrome process 4248
2025-06-18 12:26:37,244 - INFO - Killed Chrome process 4360
2025-06-18 12:26:37,297 - INFO - Killed Chrome process 4656
2025-06-18 12:26:37,425 - INFO - Killed Chrome process 5220
2025-06-18 12:26:37,431 - INFO - Killed Chrome process 5416
2025-06-18 12:26:37,453 - INFO - Killed Chrome process 5608
2025-06-18 12:26:37,462 - INFO - Killed Chrome process 5736
2025-06-18 12:26:37,462 - INFO - Killed Chrome process 5812
2025-06-18 12:26:37,517 - INFO - Killed Chrome process 7240
2025-06-18 12:26:37,517 - INFO - Killed Chrome process 7280
2025-06-18 12:26:37,529 - INFO - Killed Chrome process 7612
2025-06-18 12:26:37,530 - INFO - Killed Chrome process 7752
2025-06-18 12:26:37,574 - INFO - Killed Chrome process 8812
2025-06-18 12:26:37,579 - INFO - Killed Chrome process 9248
2025-06-18 12:26:37,584 - INFO - Killed Chrome process 9560
2025-06-18 12:26:37,584 - INFO - Killed Chrome process 9572
2025-06-18 12:26:37,613 - INFO - Killed Chrome process 10372
2025-06-18 12:26:37,623 - INFO - Killed Chrome process 10644
2025-06-18 12:26:37,633 - INFO - Killed Chrome process 10816
2025-06-18 12:26:37,634 - INFO - Killed Chrome process 10996
2025-06-18 12:26:37,661 - INFO - Killed Chrome process 11632
2025-06-18 12:26:37,674 - INFO - Killed Chrome process 11888
2025-06-18 12:26:37,677 - INFO - Killed Chrome process 12368
2025-06-18 12:26:37,678 - INFO - Killed Chrome process 12720
2025-06-18 12:26:37,679 - INFO - Killed Chrome process 12972
2025-06-18 12:26:37,709 - INFO - Killed Chrome process 13156
2025-06-18 12:26:37,729 - INFO - Killed Chrome process 13600
2025-06-18 12:26:37,729 - INFO - Killed Chrome process 13780
2025-06-18 12:26:37,729 - INFO - Killed Chrome process 13820
2025-06-18 12:26:37,747 - INFO - Killed Chrome process 14464
2025-06-18 12:26:37,747 - INFO - Killed Chrome process 14612
2025-06-18 12:26:37,747 - INFO - Killed Chrome process 15364
2025-06-18 12:26:37,750 - INFO - Killed Chrome process 15380
2025-06-18 12:26:37,755 - INFO - Killed Chrome process 15488
2025-06-18 12:26:37,766 - INFO - Killed Chrome process 16168
2025-06-18 12:26:37,767 - INFO - Killed Chrome process 16172
2025-06-18 12:26:37,772 - INFO - Killed Chrome process 16392
2025-06-18 12:26:37,775 - INFO - Killed Chrome process 16676
2025-06-18 12:26:37,796 - INFO - Killed Chrome process 16988
2025-06-18 12:26:37,797 - INFO - Killed Chrome process 17220
2025-06-18 12:26:37,809 - INFO - Killed Chrome process 17944
2025-06-18 12:26:37,833 - INFO - Killed Chrome process 18460
2025-06-18 12:26:37,834 - INFO - Killed Chrome process 18648
2025-06-18 12:26:37,834 - INFO - Killed Chrome process 18940
2025-06-18 12:26:37,855 - INFO - Killed Chrome process 19084
2025-06-18 12:26:37,856 - INFO - Killed Chrome process 19124
2025-06-18 12:26:37,858 - INFO - Killed Chrome process 19208
2025-06-18 12:26:37,860 - INFO - Killed Chrome process 19212
2025-06-18 12:26:37,861 - INFO - Killed Chrome process 19516
2025-06-18 12:26:37,862 - INFO - Killed Chrome process 19520
2025-06-18 12:26:37,910 - INFO - Killed Chrome process 20408
2025-06-18 12:26:37,960 - INFO - Killed Chrome process 20516
2025-06-18 12:26:37,962 - INFO - Killed Chrome process 20520
2025-06-18 12:26:37,962 - INFO - Killed Chrome process 20712
2025-06-18 12:26:37,983 - INFO - Killed Chrome process 20728
2025-06-18 12:26:37,991 - INFO - Killed Chrome process 20788
2025-06-18 12:26:38,004 - INFO - Killed Chrome process 21056
2025-06-18 12:26:38,049 - INFO - Killed Chrome process 21372
2025-06-18 12:26:38,052 - INFO - Killed Chrome process 21484
2025-06-18 12:26:38,053 - INFO - Killed Chrome process 21832
2025-06-18 12:26:38,093 - INFO - Killed Chrome process 22024
2025-06-18 12:26:38,165 - INFO - Killed Chrome process 22268
2025-06-18 12:26:38,191 - INFO - Killed Chrome process 23972
2025-06-18 12:26:38,192 - INFO - Killed Chrome process 24248
2025-06-18 12:26:38,857 - INFO - Cleanup completed
2025-06-18 12:26:38,876 - INFO - Performing cleanup on exit...
2025-06-18 12:26:38,877 - INFO - Cleaning up all drivers...
2025-06-18 12:26:43,162 - INFO - Received signal 2, shutting down gracefully...
2025-06-18 12:26:43,162 - INFO - Performing cleanup on exit...
2025-06-18 12:26:43,162 - INFO - Cleaning up all drivers...
2025-06-18 12:26:43,589 - INFO - Cleanup completed
2025-06-18 12:26:43,996 - INFO - Cleanup completed
